# JRE version: OpenJDK Runtime Environment (17.0.10) (build 17.0.10+0--11572160)
# Java VM: OpenJDK 64-Bit Server VM (17.0.10+0--11572160, mixed mode, tiered, compressed oops, compressed class ptrs, g1 gc, windows-amd64)
GC Precious Log:
 CPUs: 16 total, 16 available
 Memory: 16332M
 Large Page Support: Disabled
 NUMA Support: Disabled
 Compressed Oops: Enabled (32-bit)
 Heap Region Size: 1M
 Heap Min Capacity: 8M
 Heap Initial Capacity: 256M
 Heap Max Capacity: 2G
 Pre-touch: Disabled
 Parallel Workers: 13
 Concurrent Workers: 3
 Concurrent Refinement Workers: 13
 Periodic GC: Disabled
Heap:
 garbage-first heap   total 190464K, used 115264K [0x0000000080000000, 0x0000000100000000)
  region size 1024K, 13 young (13312K), 5 survivors (5120K)
 Metaspace       used 102347K, committed 103104K, reserved 1179648K
  class space    used 14370K, committed 14720K, reserved 1048576K
GC Heap History (20 events):
Event: 7.665 GC heap before
{Heap before GC invocations=28 (full 0):
 garbage-first heap   total 155648K, used 126494K [0x0000000080000000, 0x0000000100000000)
  region size 1024K, 44 young (45056K), 1 survivors (1024K)
 Metaspace       used 80462K, committed 81088K, reserved 1179648K
  class space    used 10991K, committed 11328K, reserved 1048576K
}
Event: 7.667 GC heap after
{Heap after GC invocations=29 (full 0):
 garbage-first heap   total 155648K, used 86473K [0x0000000080000000, 0x0000000100000000)
  region size 1024K, 5 young (5120K), 5 survivors (5120K)
 Metaspace       used 80462K, committed 81088K, reserved 1179648K
  class space    used 10991K, committed 11328K, reserved 1048576K
}
Event: 7.945 GC heap before
{Heap before GC invocations=30 (full 0):
 garbage-first heap   total 158720K, used 125385K [0x0000000080000000, 0x0000000100000000)
  region size 1024K, 44 young (45056K), 5 survivors (5120K)
 Metaspace       used 82550K, committed 83264K, reserved 1179648K
  class space    used 11293K, committed 11648K, reserved 1048576K
}
Event: 7.948 GC heap after
{Heap after GC invocations=31 (full 0):
 garbage-first heap   total 158720K, used 87886K [0x0000000080000000, 0x0000000100000000)
  region size 1024K, 4 young (4096K), 4 survivors (4096K)
 Metaspace       used 82550K, committed 83264K, reserved 1179648K
  class space    used 11293K, committed 11648K, reserved 1048576K
}
Event: 7.969 GC heap before
{Heap before GC invocations=31 (full 0):
 garbage-first heap   total 158720K, used 90958K [0x0000000080000000, 0x0000000100000000)
  region size 1024K, 7 young (7168K), 4 survivors (4096K)
 Metaspace       used 82754K, committed 83456K, reserved 1179648K
  class space    used 11319K, committed 11648K, reserved 1048576K
}
Event: 7.971 GC heap after
{Heap after GC invocations=32 (full 0):
 garbage-first heap   total 158720K, used 87586K [0x0000000080000000, 0x0000000100000000)
  region size 1024K, 1 young (1024K), 1 survivors (1024K)
 Metaspace       used 82754K, committed 83456K, reserved 1179648K
  class space    used 11319K, committed 11648K, reserved 1048576K
}
Event: 8.287 GC heap before
{Heap before GC invocations=32 (full 0):
 garbage-first heap   total 158720K, used 129570K [0x0000000080000000, 0x0000000100000000)
  region size 1024K, 41 young (41984K), 1 survivors (1024K)
 Metaspace       used 85656K, committed 86336K, reserved 1179648K
  class space    used 11883K, committed 12224K, reserved 1048576K
}
Event: 8.289 GC heap after
{Heap after GC invocations=33 (full 0):
 garbage-first heap   total 158720K, used 88539K [0x0000000080000000, 0x0000000100000000)
  region size 1024K, 2 young (2048K), 2 survivors (2048K)
 Metaspace       used 85656K, committed 86336K, reserved 1179648K
  class space    used 11883K, committed 12224K, reserved 1048576K
}
Event: 8.604 GC heap before
{Heap before GC invocations=34 (full 0):
 garbage-first heap   total 158720K, used 130523K [0x0000000080000000, 0x0000000100000000)
  region size 1024K, 43 young (44032K), 2 survivors (2048K)
 Metaspace       used 88596K, committed 89280K, reserved 1179648K
  class space    used 12344K, committed 12672K, reserved 1048576K
}
Event: 8.607 GC heap after
{Heap after GC invocations=35 (full 0):
 garbage-first heap   total 190464K, used 90443K [0x0000000080000000, 0x0000000100000000)
  region size 1024K, 4 young (4096K), 4 survivors (4096K)
 Metaspace       used 88596K, committed 89280K, reserved 1179648K
  class space    used 12344K, committed 12672K, reserved 1048576K
}
Event: 8.649 GC heap before
{Heap before GC invocations=35 (full 0):
 garbage-first heap   total 190464K, used 94539K [0x0000000080000000, 0x0000000100000000)
  region size 1024K, 9 young (9216K), 4 survivors (4096K)
 Metaspace       used 88940K, committed 89664K, reserved 1179648K
  class space    used 12392K, committed 12736K, reserved 1048576K
}
Event: 8.651 GC heap after
{Heap after GC invocations=36 (full 0):
 garbage-first heap   total 190464K, used 89898K [0x0000000080000000, 0x0000000100000000)
  region size 1024K, 1 young (1024K), 1 survivors (1024K)
 Metaspace       used 88940K, committed 89664K, reserved 1179648K
  class space    used 12392K, committed 12736K, reserved 1048576K
}
Event: 9.250 GC heap before
{Heap before GC invocations=36 (full 0):
 garbage-first heap   total 190464K, used 153386K [0x0000000080000000, 0x0000000100000000)
  region size 1024K, 63 young (64512K), 1 survivors (1024K)
 Metaspace       used 93755K, committed 94464K, reserved 1179648K
  class space    used 13073K, committed 13440K, reserved 1048576K
}
Event: 9.252 GC heap after
{Heap after GC invocations=37 (full 0):
 garbage-first heap   total 190464K, used 92901K [0x0000000080000000, 0x0000000100000000)
  region size 1024K, 4 young (4096K), 4 survivors (4096K)
 Metaspace       used 93755K, committed 94464K, reserved 1179648K
  class space    used 13073K, committed 13440K, reserved 1048576K
}
Event: 9.787 GC heap before
{Heap before GC invocations=37 (full 0):
 garbage-first heap   total 190464K, used 156389K [0x0000000080000000, 0x0000000100000000)
  region size 1024K, 66 young (67584K), 4 survivors (4096K)
 Metaspace       used 98765K, committed 99520K, reserved 1179648K
  class space    used 13780K, committed 14144K, reserved 1048576K
}
Event: 9.791 GC heap after
{Heap after GC invocations=38 (full 0):
 garbage-first heap   total 190464K, used 96801K [0x0000000080000000, 0x0000000100000000)
  region size 1024K, 8 young (8192K), 8 survivors (8192K)
 Metaspace       used 98765K, committed 99520K, reserved 1179648K
  class space    used 13780K, committed 14144K, reserved 1048576K
}
Event: 10.129 GC heap before
{Heap before GC invocations=38 (full 0):
 garbage-first heap   total 190464K, used 156193K [0x0000000080000000, 0x0000000100000000)
  region size 1024K, 67 young (68608K), 8 survivors (8192K)
 Metaspace       used 101083K, committed 101888K, reserved 1179648K
  class space    used 14192K, committed 14592K, reserved 1048576K
}
Event: 10.136 GC heap after
{Heap after GC invocations=39 (full 0):
 garbage-first heap   total 190464K, used 102360K [0x0000000080000000, 0x0000000100000000)
  region size 1024K, 9 young (9216K), 9 survivors (9216K)
 Metaspace       used 101083K, committed 101888K, reserved 1179648K
  class space    used 14192K, committed 14592K, reserved 1048576K
}
Event: 10.406 GC heap before
{Heap before GC invocations=39 (full 0):
 garbage-first heap   total 190464K, used 155608K [0x0000000080000000, 0x0000000100000000)
  region size 1024K, 62 young (63488K), 9 survivors (9216K)
 Metaspace       used 101863K, committed 102592K, reserved 1179648K
  class space    used 14291K, committed 14656K, reserved 1048576K
}
Event: 10.411 GC heap after
{Heap after GC invocations=40 (full 0):
 garbage-first heap   total 190464K, used 105793K [0x0000000080000000, 0x0000000100000000)
  region size 1024K, 6 young (6144K), 6 survivors (6144K)
 Metaspace       used 101863K, committed 102592K, reserved 1179648K
  class space    used 14291K, committed 14656K, reserved 1048576K
}

